<?xml version="1.0" encoding="UTF-8"?>
<!-- Generated by org.testng.reporters.JUnitReportReporter -->
<testsuite hostname="DESKTOP-OB8BAPB" failures="0" tests="4" name="com.BestBuy.test.NegativeTc_SignIn" time="64.466" errors="0" timestamp="2023-09-09T16:09:28 IST" skipped="0">
  <testcase classname="com.BestBuy.test.NegativeTc_SignIn" name="signInWithInValidCredentials" time="18.150"/>
  <system-out/>
  <testcase classname="com.BestBuy.test.NegativeTc_SignIn" name="signInWithInValidCredentials" time="13.134"/>
  <system-out/>
  <testcase classname="com.BestBuy.test.NegativeTc_SignIn" name="signInWithInValidCredentials" time="17.768"/>
  <system-out/>
  <testcase classname="com.BestBuy.test.NegativeTc_SignIn" name="signInWithInValidCredentials" time="15.414"/>
  <system-out/>
</testsuite> <!-- com.BestBuy.test.NegativeTc_SignIn -->
