<?xml version="1.0" encoding="UTF-8"?>
<!-- Generated by org.testng.reporters.JUnitReportReporter -->
<testsuite hostname="DESKTOP-OB8BAPB" failures="0" tests="1" name="com.BestBuy.test.MenuTitlesTest" time="56.955" errors="0" timestamp="2023-09-07T15:19:25 IST" skipped="0">
  <testcase classname="com.BestBuy.test.MenuTitlesTest" name="MenuTitlesValid" time="56.955"/>
  <system-out/>
</testsuite> <!-- com.BestBuy.test.MenuTitlesTest -->
