<?xml version="1.0" encoding="UTF-8"?>
<!-- Generated by org.testng.reporters.JUnitReportReporter -->
<testsuite hostname="DESKTOP-OB8BAPB" failures="0" tests="1" name="com.BestBuy.test.MenuTitlesTest" time="42.653" errors="0" timestamp="2023-09-10T16:47:45 IST" skipped="0">
  <testcase classname="com.BestBuy.test.MenuTitlesTest" name="MenuTitlesValid" time="42.653"/>
  <system-out/>
</testsuite> <!-- com.BestBuy.test.MenuTitlesTest -->
