<?xml version="1.0" encoding="UTF-8"?>
<!-- Generated by org.testng.reporters.JUnitReportReporter -->
<testsuite hostname="DESKTOP-OB8BAPB" failures="0" tests="1" name="com.BestBuy.test.AddedItemsCartTest" time="119.649" errors="0" timestamp="2023-09-07T17:48:34 IST" skipped="0">
  <testcase classname="com.BestBuy.test.AddedItemsCartTest" name="ItemsAddedCartTest" time="119.649"/>
  <system-out/>
</testsuite> <!-- com.BestBuy.test.AddedItemsCartTest -->
