<?xml version="1.0" encoding="UTF-8"?>
<!-- Generated by org.testng.reporters.JUnitReportReporter -->
<testsuite hostname="DESKTOP-OB8BAPB" failures="0" tests="2" name="com.test.AddedItemsCartTest" time="161.807" errors="0" timestamp="2023-09-06T12:20:48 IST" skipped="0">
  <testcase classname="com.test.AddedItemsCartTest" name="ItemsAddedCartTestWithInvalidCredentials" time="43.933"/>
  <system-out/>
  <testcase classname="com.test.AddedItemsCartTest" name="ItemsAddedCartTest" time="117.874"/>
  <system-out/>
</testsuite> <!-- com.test.AddedItemsCartTest -->
