<?xml version="1.0" encoding="UTF-8"?>
<!-- Generated by org.testng.reporters.JUnitReportReporter -->
<testsuite hostname="DESKTOP-OB8BAPB" failures="0" tests="1" name="com.test.BottomLinksTest" time="123.687" errors="0" timestamp="2023-09-06T12:20:48 IST" skipped="0">
  <testcase classname="com.test.BottomLinksTest" name="bottomLinksValid" time="123.687"/>
  <system-out/>
</testsuite> <!-- com.test.BottomLinksTest -->
