<?xml version="1.0" encoding="UTF-8"?>
<!-- Generated by org.testng.reporters.JUnitReportReporter -->
<testsuite hostname="DESKTOP-OB8BAPB" failures="0" tests="1" name="com.test.MenuTitlesTest" time="111.578" errors="0" timestamp="2023-09-06T12:20:48 IST" skipped="0">
  <testcase classname="com.test.MenuTitlesTest" name="MenuTitlesValid" time="111.578"/>
  <system-out/>
</testsuite> <!-- com.test.MenuTitlesTest -->
