<?xml version="1.0" encoding="UTF-8"?>
<!-- Generated by org.testng.reporters.JUnitReportReporter -->
<testsuite hostname="DESKTOP-OB8BAPB" failures="0" tests="1" name="com.BestBuy.test.MenuTitlesTest" time="50.121" errors="0" timestamp="2023-09-07T17:48:35 IST" skipped="0">
  <testcase classname="com.BestBuy.test.MenuTitlesTest" name="MenuTitlesValid" time="50.121"/>
  <system-out/>
</testsuite> <!-- com.BestBuy.test.MenuTitlesTest -->
