<?xml version="1.0" encoding="UTF-8"?>
<!-- Generated by org.testng.reporters.JUnitReportReporter -->
<testsuite hostname="DESKTOP-OB8BAPB" failures="0" tests="1" name="com.BestBuy.test.NegativeTc_ItemsAddedToCart" time="46.788" errors="0" timestamp="2023-09-06T20:38:40 IST" skipped="0">
  <testcase classname="com.BestBuy.test.NegativeTc_ItemsAddedToCart" name="ItemsAddedCartTestWithInvalidCredentials" time="46.788"/>
  <system-out/>
</testsuite> <!-- com.BestBuy.test.NegativeTc_ItemsAddedToCart -->
