<?xml version="1.0" encoding="UTF-8"?>
<!-- Generated by org.testng.reporters.JUnitReportReporter -->
<testsuite hostname="DESKTOP-OB8BAPB" failures="0" tests="1" name="com.BestBuy.test.BrokenLinkTest" time="14.920" errors="0" timestamp="2023-09-07T17:48:34 IST" skipped="0">
  <testcase classname="com.BestBuy.test.BrokenLinkTest" name="brokenLink" time="14.920"/>
  <system-out/>
</testsuite> <!-- com.BestBuy.test.BrokenLinkTest -->
