<?xml version="1.0" encoding="UTF-8"?>
<!-- Generated by org.testng.reporters.JUnitReportReporter -->
<testsuite hostname="DESKTOP-OB8BAPB" failures="0" tests="1" name="com.BestBuy.test.SignUpTest" time="26.366" errors="0" timestamp="2023-09-02T15:17:41 IST" skipped="0">
  <testcase classname="com.BestBuy.test.SignUpTest" name="signUpWithValidCredentials" time="26.366"/>
  <system-out/>
</testsuite> <!-- com.BestBuy.test.SignUpTest -->
