<?xml version="1.0" encoding="UTF-8"?>
<!-- Generated by org.testng.reporters.JUnitReportReporter -->
<testsuite hostname="DESKTOP-OB8BAPB" failures="0" tests="1" name="com.BestBuy.test.AddedItemsCartTest" time="121.344" errors="0" timestamp="2023-09-07T15:19:26 IST" skipped="0">
  <testcase classname="com.BestBuy.test.AddedItemsCartTest" name="ItemsAddedCartTest" time="121.344"/>
  <system-out/>
</testsuite> <!-- com.BestBuy.test.AddedItemsCartTest -->
