<?xml version="1.0" encoding="UTF-8"?>
<!-- Generated by org.testng.reporters.JUnitReportReporter -->
<testsuite hostname="DESKTOP-OB8BAPB" failures="0" tests="1" name="com.BestBuy.test.AddedItemsCartTest" time="118.612" errors="0" timestamp="2023-09-13T11:16:04 IST" skipped="0">
  <testcase classname="com.BestBuy.test.AddedItemsCartTest" name="ItemsAddedCartTest" time="118.612"/>
  <system-out/>
</testsuite> <!-- com.BestBuy.test.AddedItemsCartTest -->
