<?xml version="1.0" encoding="UTF-8"?>
<!-- Generated by org.testng.reporters.JUnitReportReporter -->
<testsuite hostname="DESKTOP-OB8BAPB" failures="0" tests="1" name="com.test.PaymentPageTest$AddedItemsCartTest" time="269.560" errors="0" timestamp="2023-09-05T17:06:27 IST" skipped="0">
  <testcase classname="com.test.PaymentPageTest$AddedItemsCartTest" name="MenuTitlesValid" time="269.560"/>
  <system-out/>
</testsuite> <!-- com.test.PaymentPageTest$AddedItemsCartTest -->
