<?xml version="1.0" encoding="UTF-8"?>
<!-- Generated by org.testng.reporters.JUnitReportReporter -->
<testsuite hostname="DESKTOP-OB8BAPB" failures="0" tests="1" name="com.BestBuy.test.NegativeTc_SignIn" time="0.052" errors="0" timestamp="2023-09-07T13:33:04 IST" skipped="0">
  <testcase classname="com.BestBuy.test.NegativeTc_SignIn" name="signInWithInValidCredentials" time="0.052"/>
  <system-out/>
</testsuite> <!-- com.BestBuy.test.NegativeTc_SignIn -->
