<?xml version="1.0" encoding="UTF-8"?>
<!-- Generated by org.testng.reporters.JUnitReportReporter -->
<testsuite hostname="DESKTOP-OB8BAPB" failures="0" tests="2" name="com.test.SignInTest" time="100.075" errors="0" timestamp="2023-09-06T12:20:48 IST" skipped="0">
  <testcase classname="com.test.SignInTest" name="signInWithInValidCredentials" time="65.940"/>
  <system-out/>
  <testcase classname="com.test.SignInTest" name="signInWithValidCredentials" time="34.135"/>
  <system-out/>
</testsuite> <!-- com.test.SignInTest -->
