<?xml version="1.0" encoding="UTF-8"?>
<!-- Generated by org.testng.reporters.JUnitReportReporter -->
<testsuite hostname="DESKTOP-OB8BAPB" failures="0" tests="1" name="com.BestBuy.test.SignInTest_DataProvider" time="18.508" errors="0" timestamp="2023-09-13T11:16:04 IST" skipped="0">
  <testcase classname="com.BestBuy.test.SignInTest_DataProvider" name="signIn" time="18.508"/>
  <system-out/>
</testsuite> <!-- com.BestBuy.test.SignInTest_DataProvider -->
