<?xml version="1.0" encoding="UTF-8"?>
<!-- Generated by org.testng.reporters.JUnitReportReporter -->
<testsuite hostname="DESKTOP-OB8BAPB" failures="0" tests="1" name="com.BestBuy.test.SignInTest" time="15.171" errors="0" timestamp="2023-09-09T16:09:28 IST" skipped="0">
  <testcase classname="com.BestBuy.test.SignInTest" name="signIn" time="15.171"/>
  <system-out/>
</testsuite> <!-- com.BestBuy.test.SignInTest -->
