<?xml version="1.0" encoding="UTF-8"?>
<!-- Generated by org.testng.reporters.JUnitReportReporter -->
<testsuite hostname="DESKTOP-OB8BAPB" failures="0" tests="1" name="com.BestBuy.test.SignInTest" time="28.887" errors="0" timestamp="2023-09-07T14:04:47 IST" skipped="0">
  <testcase classname="com.BestBuy.test.SignInTest" name="loginWithValidCredentials" time="28.887"/>
  <system-out/>
</testsuite> <!-- com.BestBuy.test.SignInTest -->
