<?xml version="1.0" encoding="UTF-8"?>
<!-- Generated by org.testng.reporters.JUnitReportReporter -->
<testsuite hostname="DESKTOP-OB8BAPB" failures="0" tests="1" name="com.BestBuy.test.PaymentPageTest" time="79.531" errors="0" timestamp="2023-09-09T16:36:23 IST" skipped="0">
  <testcase classname="com.BestBuy.test.PaymentPageTest" name="MenuTitlesValid" time="79.531"/>
  <system-out/>
</testsuite> <!-- com.BestBuy.test.PaymentPageTest -->
