<?xml version="1.0" encoding="UTF-8"?>
<!-- Generated by org.testng.reporters.JUnitReportReporter -->
<testsuite hostname="DESKTOP-OB8BAPB" failures="0" tests="1" name="com.BestBuy.test.MainPageClick" time="23.921" errors="0" timestamp="2023-09-07T14:04:47 IST" skipped="0">
  <testcase classname="com.BestBuy.test.MainPageClick" name="mainPageClick" time="23.921"/>
  <system-out/>
</testsuite> <!-- com.BestBuy.test.MainPageClick -->
