<?xml version="1.0" encoding="UTF-8"?>
<!-- Generated by org.testng.reporters.JUnitReportReporter -->
<testsuite hostname="DESKTOP-OB8BAPB" failures="0" tests="4" name="com.BestBuy.test.NegativeTc_SignIn_DataProvider" time="200.849" errors="0" timestamp="2023-09-13T11:16:04 IST" skipped="0">
  <testcase classname="com.BestBuy.test.NegativeTc_SignIn_DataProvider" name="signInWithInValidCredentials" time="148.126"/>
  <system-out/>
  <testcase classname="com.BestBuy.test.NegativeTc_SignIn_DataProvider" name="signInWithInValidCredentials" time="16.455"/>
  <system-out/>
  <testcase classname="com.BestBuy.test.NegativeTc_SignIn_DataProvider" name="signInWithInValidCredentials" time="17.890"/>
  <system-out/>
  <testcase classname="com.BestBuy.test.NegativeTc_SignIn_DataProvider" name="signInWithInValidCredentials" time="18.378"/>
  <system-out/>
</testsuite> <!-- com.BestBuy.test.NegativeTc_SignIn_DataProvider -->
