<?xml version="1.0" encoding="UTF-8"?>
<!-- Generated by org.testng.reporters.JUnitReportReporter -->
<testsuite hostname="DESKTOP-OB8BAPB" failures="0" tests="2" name="com.test.SignUpTest" time="226.321" errors="0" timestamp="2023-09-06T12:20:48 IST" skipped="0">
  <testcase classname="com.test.SignUpTest" name="signUpWithInValidCredentials" time="188.854"/>
  <system-out/>
  <testcase classname="com.test.SignUpTest" name="signUpWithValidCredentials" time="37.467"/>
  <system-out/>
</testsuite> <!-- com.test.SignUpTest -->
