<?xml version="1.0" encoding="UTF-8"?>
<!-- Generated by org.testng.reporters.JUnitReportReporter -->
<testsuite hostname="DESKTOP-OB8BAPB" failures="0" tests="4" name="com.BestBuy.test.NegativeTc_SignIn_DataProvider" time="76.026" errors="0" timestamp="2023-09-10T16:47:45 IST" skipped="0">
  <testcase classname="com.BestBuy.test.NegativeTc_SignIn_DataProvider" name="signInWithInValidCredentials" time="14.277"/>
  <system-out/>
  <testcase classname="com.BestBuy.test.NegativeTc_SignIn_DataProvider" name="signInWithInValidCredentials" time="20.423"/>
  <system-out/>
  <testcase classname="com.BestBuy.test.NegativeTc_SignIn_DataProvider" name="signInWithInValidCredentials" time="15.927"/>
  <system-out/>
  <testcase classname="com.BestBuy.test.NegativeTc_SignIn_DataProvider" name="signInWithInValidCredentials" time="25.399"/>
  <system-out/>
</testsuite> <!-- com.BestBuy.test.NegativeTc_SignIn_DataProvider -->
