<?xml version="1.0" encoding="UTF-8"?>
<!-- Generated by org.testng.reporters.JUnitReportReporter -->
<testsuite hostname="DESKTOP-OB8BAPB" failures="0" tests="1" name="com.BestBuy.test.BrokenLinkTest" time="13.514" errors="0" timestamp="2023-09-10T16:47:45 IST" skipped="0">
  <testcase classname="com.BestBuy.test.BrokenLinkTest" name="brokenLink" time="13.514"/>
  <system-out/>
</testsuite> <!-- com.BestBuy.test.BrokenLinkTest -->
